 
****************************************
Report : port
Design : UART_TOP
Version: K-2015.06
Date   : Fri Aug  2 02:34:42 2024
****************************************



Attributes:
    d - dont_touch_network

                       Pin      Wire     Max     Max     Connection
Port           Dir     Load     Load     Trans   Cap     Class      Attrs
--------------------------------------------------------------------------------
CLK            in      0.0000   0.0000    1.50    0.18   --         d
P_DATA[0]      in      0.0000   0.0000    1.50    0.18   --         
P_DATA[1]      in      0.0000   0.0000    1.50    0.18   --         
P_DATA[2]      in      0.0000   0.0000    1.50    0.18   --         
P_DATA[3]      in      0.0000   0.0000    1.50    0.18   --         
P_DATA[4]      in      0.0000   0.0000    1.50    0.18   --         
P_DATA[5]      in      0.0000   0.0000    1.50    0.18   --         
P_DATA[6]      in      0.0000   0.0000    1.50    0.18   --         
P_DATA[7]      in      0.0000   0.0000    1.50    0.18   --         
RST            in      0.0000   0.0000    1.50    0.18   --         
SE             in      0.0000   0.0000   --      --      --         
SI             in      0.0000   0.0000   --      --      --         
data_valid     in      0.0000   0.0000    1.50    0.18   --         
party_en       in      0.0000   0.0000    1.50    0.18   --         
party_typ      in      0.0000   0.0000    1.50    0.18   --         
scan_clk       in      0.0000   0.0000   --      --      --         
scan_rst       in      0.0000   0.0000   --      --      --         
test_mode      in      0.0000   0.0000   --      --      --         
SO             out     0.0000   0.0000   --      --      --         
Tx_OUT         out     0.5000   0.0000   --      --      --         
busy           out     0.5000   0.0000   --      --      --         

1
