/opt/Synopsys/Synplify2015/auxx/gui/dv/dv_setup.tcl
/opt/Synopsys/Synplify2015/auxx/gui/syn/snpsSynProcs.tcl
/opt/Synopsys/Synplify2015/auxx/tcllib/lib/tcl8.5/tm.tcl
/opt/Synopsys/Synplify2015/auxx/tcllib/lib/tcl8.5/package.tcl
/opt/Synopsys/Synplify2015/auxx/gui/syn/layout/pkgIndex.tcl
/opt/Synopsys/Synplify2015/auxx/gui/common/strokes/pkgIndex.tcl
/opt/Synopsys/Synplify2015/auxx/gui/common/schematic/pkgIndex.tcl
/opt/Synopsys/Synplify2015/auxx/gui/common/qtcl/pkgIndex.tcl
/opt/Synopsys/Synplify2015/auxx/gui/common/acg/pkgIndex.tcl
/opt/Synopsys/Synplify2015/auxx/gui/common/setup/pkgIndex.tcl
/opt/Synopsys/Synplify2015/auxx/gui/common/misc/pkgIndex.tcl
/opt/Synopsys/Synplify2015/auxx/gui/common/view/pkgIndex.tcl
/opt/Synopsys/Synplify2015/auxx/gui/common/tq/pkgIndex.tcl
/opt/Synopsys/Synplify2015/auxx/gui/common/regressionToolkit/pkgIndex.tcl
/opt/Synopsys/Synplify2015/auxx/gui/common/select/pkgIndex.tcl
/opt/Synopsys/Synplify2015/auxx/gui/common/tcl-dp/pkgIndex.tcl
/opt/Synopsys/Synplify2015/auxx/gui/common/fanoutviewer/pkgIndex.tcl
/opt/Synopsys/Synplify2015/auxx/gui/common/tiledview/pkgIndex.tcl
/opt/Synopsys/Synplify2015/auxx/gui/common/table/pkgIndex.tcl
/opt/Synopsys/Synplify2015/auxx/gui/common/docBrowser/pkgIndex.tcl
/opt/Synopsys/Synplify2015/auxx/gui/common/pathinspector/pkgIndex.tcl
/opt/Synopsys/Synplify2015/auxx/gui/common/timing/pkgIndex.tcl
/opt/Synopsys/Synplify2015/auxx/gui/common/histogram/pkgIndex.tcl
/opt/Synopsys/Synplify2015/auxx/gui/common/palettegroup/pkgIndex.tcl
/opt/Synopsys/Synplify2015/auxx/gui/common/mrupalette/pkgIndex.tcl
/opt/Synopsys/Synplify2015/auxx/gui/common/dialogs/pkgIndex.tcl
/opt/Synopsys/Synplify2015/auxx/gui/common/opdlg/pkgIndex.tcl
/opt/Synopsys/Synplify2015/auxx/gui/common/layout/pkgIndex.tcl
/opt/Synopsys/Synplify2015/auxx/gui/common/commandform/pkgIndex.tcl
/opt/Synopsys/Synplify2015/auxx/gui/common/libviewer/pkgIndex.tcl
/opt/Synopsys/Synplify2015/auxx/gui/common/WindowFrameWork/pkgIndex.tcl
/opt/Synopsys/Synplify2015/auxx/gui/common/profiler/pkgIndex.tcl
/opt/Synopsys/Synplify2015/auxx/gui/common/highlight/pkgIndex.tcl
/opt/Synopsys/Synplify2015/auxx/gui/common/menus/pkgIndex.tcl
/opt/Synopsys/Synplify2015/auxx/gui/common/hierarchy/pkgIndex.tcl
/opt/Synopsys/Synplify2015/auxx/gui/dv/pkgIndex.tcl
/opt/Synopsys/Synplify2015/auxx/tcllib/snps_tcl/snpsTclPro/pkgIndex.tcl
/opt/Synopsys/Synplify2015/auxx/tcllib/snps_tcl/snpsTest/pkgIndex.tcl
/opt/Synopsys/Synplify2015/auxx/tcllib/snps_tcl/snpsUtils/pkgIndex.tcl
/opt/Synopsys/Synplify2015/auxx/tcllib/snps_tcl/pkgIndex.tcl
/opt/Synopsys/Synplify2015/auxx/tcllib/lib/tcl8.5/http1.0/pkgIndex.tcl
/opt/Synopsys/Synplify2015/auxx/tcllib/lib/tcl8.5/opt/pkgIndex.tcl
/opt/Synopsys/Synplify2015/auxx/tcllib/lib/tcl8.5/msgcat/pkgIndex.tcl
/opt/Synopsys/Synplify2015/auxx/tcllib/lib/tcl8.5/http/pkgIndex.tcl
/opt/Synopsys/Synplify2015/auxx/tcllib/lib/tcl8.5/reg/pkgIndex.tcl
/opt/Synopsys/Synplify2015/auxx/tcllib/lib/tcl8.5/dde/pkgIndex.tcl
/opt/Synopsys/Synplify2015/auxx/tcllib/lib/tcl8.5/platform/pkgIndex.tcl
/opt/Synopsys/Synplify2015/auxx/tcllib/lib/tcl8.5/tcltest/pkgIndex.tcl
/opt/Synopsys/Synplify2015/auxx/gui/common/setup/snpsCommonSetup.tcl
/opt/Synopsys/Synplify2015/auxx/gui/common/setup/snpsCustomize.tcl
/opt/Synopsys/Synplify2015/auxx/gui/common/setup/snpsProcheck.tcl
/opt/Synopsys/Synplify2015/auxx/gui/common/qtcl/.synopsys_qtcl.tcl
/opt/Synopsys/Synplify2015/auxx/gui/common/highlight/highlight.tcl
/opt/Synopsys/Synplify2015/auxx/gui/common/misc/base.tcl
/opt/Synopsys/Synplify2015/auxx/gui/common/misc/timing.tcl
/opt/Synopsys/Synplify2015/auxx/gui/common/misc/setting.tcl
/opt/Synopsys/Synplify2015/auxx/gui/common/misc/preset.tcl
/opt/Synopsys/Synplify2015/auxx/gui/common/WindowFrameWork/windowFrameWork.tcl
/opt/Synopsys/Synplify2015/auxx/gui/common/WindowFrameWork/skipBusyCursorCmdList.tcl
/opt/Synopsys/Synplify2015/auxx/gui/common/docBrowser/docBrowser.tcl
/opt/Synopsys/Synplify2015/auxx/tcllib/snps_tcl/snpsUtils/snpsUtils.tcl
/opt/Synopsys/Synplify2015/auxx/gui/common/dialogs/ObjectChooser.tcl
/opt/Synopsys/Synplify2015/auxx/gui/common/misc/DialogObjectChooser.tcl
/opt/Synopsys/Synplify2015/auxx/gui/common/dialogs/HistBinInformation.tcl
/opt/Synopsys/Synplify2015/auxx/gui/common/dialogs/HistBin1Information.tcl
/opt/Synopsys/Synplify2015/auxx/gui/common/dialogs/BinsOnlyInformation.tcl
/opt/Synopsys/Synplify2015/auxx/gui/common/dialogs/FileChooser.tcl
/opt/Synopsys/Synplify2015/auxx/gui/common/dialogs/PathPinSimpleInfo.tcl
/opt/Synopsys/Synplify2015/auxx/gui/common/dialogs/PathsBasicInfo.tcl
/opt/Synopsys/Synplify2015/auxx/gui/common/dialogs/PathsBasicSimpleInfo.tcl
/opt/Synopsys/Synplify2015/auxx/gui/common/dialogs/SlctOperationInfo.tcl
/opt/Synopsys/Synplify2015/auxx/gui/common/dialogs/ObjectListInfo.tcl
/opt/Synopsys/Synplify2015/auxx/gui/common/dialogs/FanInOutInfo.tcl
/opt/Synopsys/Synplify2015/auxx/gui/common/dialogs/NumberOfLevelsChooser.tcl
/opt/Synopsys/Synplify2015/auxx/gui/common/dialogs/WindowReuseInfo.tcl
/opt/Synopsys/Synplify2015/auxx/gui/common/dialogs/ReportOutputOptionInfo.tcl
/opt/Synopsys/Synplify2015/auxx/gui/common/setup/snpsCollections.tcl
/opt/Synopsys/Synplify2015/auxx/gui/common/dialogs/CompileLinkDesign.tcl
/opt/Synopsys/Synplify2015/auxx/gui/common/histogram/DialogEndpointSlack.tcl
/opt/Synopsys/Synplify2015/auxx/gui/common/histogram/DialogPathsSlack.tcl
/opt/Synopsys/Synplify2015/auxx/gui/common/histogram/DialogNetCapacitance.tcl
/opt/Synopsys/Synplify2015/auxx/gui/common/schematic/DialogPathSchematicFanInOut.tcl
/opt/Synopsys/Synplify2015/auxx/gui/common/schematic/DialogPathSchematicAddPaths.tcl
/home/IC/Projects/SYSTEM_PROJECT/syn/syn_script.tcl
/home/IC/Projects/SYSTEM_PROJECT/rtl/Data_Sampling.v
/home/IC/Projects/SYSTEM_PROJECT/rtl/FIFO_BUFFER.v
/home/IC/Projects/SYSTEM_PROJECT/rtl/FSM.v
/home/IC/Projects/SYSTEM_PROJECT/rtl/Bit_counter.v
/home/IC/Projects/SYSTEM_PROJECT/rtl/FIFO_WR.v
/home/IC/Projects/SYSTEM_PROJECT/rtl/SEYSTEM_CONTROL.v
/home/IC/Projects/SYSTEM_PROJECT/rtl/PRESCALE_BLOCK.v
/home/IC/Projects/SYSTEM_PROJECT/rtl/PULSE_GENRATOR_BLOCK.v
/home/IC/Projects/SYSTEM_PROJECT/rtl/UART_TX_TOP.v
/home/IC/Projects/SYSTEM_PROJECT/rtl/SYSTEM_TOP.v
/home/IC/Projects/SYSTEM_PROJECT/rtl/MUX.v
/home/IC/Projects/SYSTEM_PROJECT/rtl/FSM_TX.v
/home/IC/Projects/SYSTEM_PROJECT/rtl/ALU_RTL.v
/home/IC/Projects/SYSTEM_PROJECT/rtl/FIFO_TOP.v
/home/IC/Projects/SYSTEM_PROJECT/rtl/CLOCK_GATING.v
/home/IC/Projects/SYSTEM_PROJECT/rtl/UART_RX_TOP.v
/home/IC/Projects/SYSTEM_PROJECT/rtl/Start_Check.v
/home/IC/Projects/SYSTEM_PROJECT/rtl/DATA_SYNC.v
/home/IC/Projects/SYSTEM_PROJECT/rtl/RESET_SYNC.v
/home/IC/Projects/SYSTEM_PROJECT/rtl/serializer.v
/home/IC/Projects/SYSTEM_PROJECT/rtl/DF_SYNC.v
/home/IC/Projects/SYSTEM_PROJECT/rtl/FIFO_RD.v
/home/IC/Projects/SYSTEM_PROJECT/rtl/Reg_file.v
/home/IC/Projects/SYSTEM_PROJECT/rtl/Deserializer.v
/home/IC/Projects/SYSTEM_PROJECT/rtl/Parity_Check.v
/home/IC/Projects/SYSTEM_PROJECT/rtl/Stop_Check.v
/home/IC/Projects/SYSTEM_PROJECT/rtl/SYS_UART_TOP.v
/home/IC/Projects/SYSTEM_PROJECT/rtl/parity_bit.v
/home/IC/Projects/SYSTEM_PROJECT/rtl/CLK_DIV.v
/home/IC/Projects/SYSTEM_PROJECT/std_cells/scmetro_tsmc_cl013g_rvt_ss_1p08v_125c.db
/home/IC/Projects/SYSTEM_PROJECT/std_cells/scmetro_tsmc_cl013g_rvt_tt_1p2v_25c.db
/home/IC/Projects/SYSTEM_PROJECT/std_cells/scmetro_tsmc_cl013g_rvt_ff_1p32v_m40c.db
/opt/Synopsys/Synplify2015/libraries/syn/gtech.db
/opt/Synopsys/Synplify2015/libraries/syn/standard.sldb
/home/IC/Projects/SYSTEM_PROJECT/syn/cons.tcl
/home/IC/synopsys_cache_K-2015.06/DW01/DW01_inc/rpl/4/scmetro_tsmc_cl013g_rvt_ss_1p08v_125c_474/element.ddc
/home/IC/synopsys_cache_K-2015.06/DW01/DW01_cmp6/rpl/4/scmetro_tsmc_cl013g_rvt_ss_1p08v_125c_474/element.ddc
/home/IC/synopsys_cache_K-2015.06/DW01/DW01_cmp6/rpl/2/scmetro_tsmc_cl013g_rvt_ss_1p08v_125c_474/element.ddc
/home/IC/synopsys_cache_K-2015.06/DW02/DW_div_uns/rpl/8/8/scmetro_tsmc_cl013g_rvt_ss_1p08v_125c_474/element.ddc
/home/IC/synopsys_cache_K-2015.06/DW01/DW01_sub/rpl/9/scmetro_tsmc_cl013g_rvt_ss_1p08v_125c_474/element.ddc
/home/IC/synopsys_cache_K-2015.06/DW01/DW01_add/rpl/9/scmetro_tsmc_cl013g_rvt_ss_1p08v_125c_474/element.ddc
/home/IC/synopsys_cache_K-2015.06/DW01/DW01_cmp6/rpl/8/scmetro_tsmc_cl013g_rvt_ss_1p08v_125c_474/element.ddc
/home/IC/synopsys_cache_K-2015.06/DW01/DW01_cmp6/rpl/6/scmetro_tsmc_cl013g_rvt_ss_1p08v_125c_474/element.ddc
/home/IC/synopsys_cache_K-2015.06/DW01/DW01_inc/rpl/6/scmetro_tsmc_cl013g_rvt_ss_1p08v_125c_474/element.ddc
/home/IC/synopsys_cache_K-2015.06/DW01/DW01_cmp6/rpl/32/scmetro_tsmc_cl013g_rvt_ss_1p08v_125c_474/element.ddc
/home/IC/synopsys_cache_K-2015.06/DW01/DW01_dec/rpl/6/scmetro_tsmc_cl013g_rvt_ss_1p08v_125c_474/element.ddc
/home/IC/synopsys_cache_K-2015.06/DW01/DW01_dec/rpl/7/scmetro_tsmc_cl013g_rvt_ss_1p08v_125c_474/element.ddc
/home/IC/synopsys_cache_K-2015.06/DW01/DW01_inc/rpl/8/scmetro_tsmc_cl013g_rvt_ss_1p08v_125c_474/element.ddc
/home/IC/synopsys_cache_K-2015.06/DW01/DW01_cmp6/rpl/9/scmetro_tsmc_cl013g_rvt_ss_1p08v_125c_474/element.ddc
/home/IC/synopsys_cache_K-2015.06/DW02/DW02_mult/csa/8/8/scmetro_tsmc_cl013g_rvt_ss_1p08v_125c_474_8167_7363/element.ddc
/home/IC/synopsys_cache_K-2015.06/DW02/DW02_mult/csa/8/8/scmetro_tsmc_cl013g_rvt_ss_1p08v_125c_474/element.ddc
/home/IC/synopsys_cache_K-2015.06/DW01/DW01_add/cla/14/scmetro_tsmc_cl013g_rvt_ss_1p08v_125c_474/element.ddc
/home/IC/Projects/SYSTEM_PROJECT/std_cells/scmetro_tsmc_cl013g_rvt_ss_1p08v_125c.db
/home/IC/Projects/SYSTEM_PROJECT/std_cells/scmetro_tsmc_cl013g_rvt_tt_1p2v_25c.db
/home/IC/Projects/SYSTEM_PROJECT/std_cells/scmetro_tsmc_cl013g_rvt_ff_1p32v_m40c.db
/home/IC/Projects/SYSTEM_PROJECT/std_cells/scmetro_tsmc_cl013g_rvt_ss_1p08v_125c.db
