**************************************************
Report         : passing_points

Reference      : r:/WORK/UART_TOP
Implementation : i:/WORK/UART_TOP
Version        : L-2016.03-SP1
Date           : Fri Aug  2 02:56:58 2024
**************************************************

9 Passing compare points:

  Ref  DFF        r:/WORK/UART_TOP/FSM/current_state_reg[0]
  Impl DFF        i:/WORK/UART_TOP/FSM/current_state_reg[0]

  Ref  DFF        r:/WORK/UART_TOP/FSM/current_state_reg[1]
  Impl DFF        i:/WORK/UART_TOP/FSM/current_state_reg[1]

  Ref  DFF        r:/WORK/UART_TOP/FSM/current_state_reg[2]
  Impl DFF        i:/WORK/UART_TOP/FSM/current_state_reg[2]

  Ref  DFF        r:/WORK/UART_TOP/serial/counter_reg[0]
  Impl DFF        i:/WORK/UART_TOP/serial/counter_reg[0]

  Ref  DFF        r:/WORK/UART_TOP/serial/counter_reg[1]
  Impl DFF        i:/WORK/UART_TOP/serial/counter_reg[1]

  Ref  DFF        r:/WORK/UART_TOP/serial/counter_reg[2]
  Impl DFF        i:/WORK/UART_TOP/serial/counter_reg[2]

  Ref  DFF        r:/WORK/UART_TOP/serial/counter_reg[3]
  Impl DFF        i:/WORK/UART_TOP/serial/counter_reg[3]

  Ref  Port       r:/WORK/UART_TOP/Tx_OUT
  Impl Port       i:/WORK/UART_TOP/Tx_OUT

  Ref  Port       r:/WORK/UART_TOP/busy
  Impl Port       i:/WORK/UART_TOP/busy

 [BBNet: multiply-driven net
  BBPin: black-box pin
  Cut:   cut-point
  DFF:   non-constant DFF register
  DFF0:  constant 0 DFF register
  DFF1:  constant 1 DFF register
  DFFX:  constant X DFF register
  DFF0X: constrained 0X DFF register
  DFF1X: constrained 1X DFF register
  LAT:   non-constant latch register
  LAT0:  constant 0 latch register
  LAT1:  constant 1 latch register
  LATX:  constant X latch register
  LAT0X: constrained 0X latch register
  LAT1X: constrained 1X latch register
  LATCG: clock-gating latch register
  TLA:   transparent latch register
  TLA0X: transparent constrained 0X latch register
  TLA1X: transparent constrained 1X latch register
  Loop:  cycle break point
  Port:  primary (top-level) port
  Und:   undriven signal cut-point
  Unk:   unknown signal cut-point]

1
